<?xml version="1.0" encoding="UTF-8"?>
<testng-results ignored="0" total="1" passed="1" failed="0" skipped="0">
  <reporter-output>
  </reporter-output>
  <suite started-at="2022-08-23T23:47:00 IST" name="Default suite" finished-at="2022-08-23T23:47:00 IST" duration-ms="224">
    <groups>
    </groups>
    <test started-at="2022-08-23T23:47:00 IST" name="Default test" finished-at="2022-08-23T23:47:00 IST" duration-ms="224">
      <class name="com.qa.tests.POSTAPITest">
        <test-method is-config="true" signature="Setup()[pri:0, instance:com.qa.tests.POSTAPITest@c333c60]" started-at="2022-08-23T23:47:00 IST" name="Setup" finished-at="2022-08-23T23:47:00 IST" duration-ms="3" status="PASS">
          <reporter-output>
          </reporter-output>
        </test-method> <!-- Setup -->
        <test-method signature="PostAPI()[pri:0, instance:com.qa.tests.POSTAPITest@c333c60]" started-at="2022-08-23T23:47:00 IST" name="PostAPI" finished-at="2022-08-23T23:47:00 IST" duration-ms="188" status="PASS">
          <reporter-output>
          </reporter-output>
        </test-method> <!-- PostAPI -->
      </class> <!-- com.qa.tests.POSTAPITest -->
    </test> <!-- Default test -->
  </suite> <!-- Default suite -->
</testng-results>
